\BOOKMARK [0][-]{chapter*.1}{ACKNOWLEDGEMENTS}{}% 1
\BOOKMARK [0][-]{chapter*.3}{LIST OF TABLES}{}% 2
\BOOKMARK [0][-]{chapter*.4}{LIST OF FIGURES}{}% 3
\BOOKMARK [0][-]{chapter*.5}{ABBREVIATIONS}{}% 4
\BOOKMARK [0][-]{chapter*.6}{NOTATION}{}% 5
\BOOKMARK [0][-]{chapter*.7}{ABSTRACT}{}% 6
\BOOKMARK [0][-]{chapter.1}{Introduction}{}% 7
\BOOKMARK [0][-]{chapter.2}{Preliminaries}{}% 8
\BOOKMARK [1][-]{section.2.1}{Background}{chapter.2}% 9
\BOOKMARK [1][-]{section.2.2}{Problem Formulation}{chapter.2}% 10
\BOOKMARK [1][-]{section.2.3}{Theoretical Characterization}{chapter.2}% 11
\BOOKMARK [1][-]{section.2.4}{Exact Algorithm}{chapter.2}% 12
\BOOKMARK [2][-]{subsection.2.4.1}{Overview}{section.2.4}% 13
\BOOKMARK [2][-]{subsection.2.4.2}{Replica-based Graph Instance Storage}{section.2.4}% 14
\BOOKMARK [2][-]{subsection.2.4.3}{Subgraph Extension}{section.2.4}% 15
\BOOKMARK [2][-]{subsection.2.4.4}{Correlation Computation}{section.2.4}% 16
\BOOKMARK [2][-]{subsection.2.4.5}{Mining Algorithm}{section.2.4}% 17
\BOOKMARK [1][-]{section.2.5}{Approximate Algorithm}{chapter.2}% 18
\BOOKMARK [1][-]{section.2.6}{Analysis}{chapter.2}% 19
\BOOKMARK [2][-]{subsection.2.6.1}{Complexity Analysis}{section.2.6}% 20
\BOOKMARK [1][-]{section.2.7}{Experiments}{chapter.2}% 21
\BOOKMARK [2][-]{subsection.2.7.1}{Experimental Setup}{section.2.7}% 22
\BOOKMARK [2][-]{subsection.2.7.2}{Efficiency}{section.2.7}% 23
\BOOKMARK [2][-]{subsection.2.7.3}{Performance.}{section.2.7}% 24
\BOOKMARK [2][-]{subsection.2.7.4}{Quality}{section.2.7}% 25
\BOOKMARK [2][-]{subsection.2.7.5}{Interpretbility}{section.2.7}% 26
